2024-09-04 11:03:37,228 [Worker-4: Loading available Gradle versions] INFO  o.e.b.c.i.u.g.PublishedGradleVersions - Gradle version information cache is out-of-date. Trying to update.
2024-09-04 11:38:23,743 [Worker-2: Loading available Gradle versions] INFO  o.e.b.c.i.u.g.PublishedGradleVersions - Gradle version information cache is up-to-date. Trying to read.
2024-09-04 11:39:27,878 [Worker-1: Loading available Gradle versions] INFO  o.e.b.c.i.u.g.PublishedGradleVersions - Gradle version information cache is up-to-date. Trying to read.
2024-09-04 13:30:53,320 [Worker-4: Loading available Gradle versions] INFO  o.e.b.c.i.u.g.PublishedGradleVersions - Gradle version information cache is up-to-date. Trying to read.
2024-09-04 16:08:41,107 [Worker-7: Loading available Gradle versions] INFO  o.e.b.c.i.u.g.PublishedGradleVersions - Gradle version information cache is up-to-date. Trying to read.
2024-09-06 23:29:34,120 [Worker-4: Loading available Gradle versions] INFO  o.e.b.c.i.u.g.PublishedGradleVersions - Gradle version information cache is out-of-date. Trying to update.
2024-09-10 13:52:30,196 [Worker-0: Loading available Gradle versions] INFO  o.e.b.c.i.u.g.PublishedGradleVersions - Gradle version information cache is out-of-date. Trying to update.
2024-09-10 14:13:51,451 [JGit-FileStoreAttributeReader-1] ERROR org.eclipse.jgit.util.FS - C:\Users\inese\git\motcroise\.git\.probe-ddb73648-32a4-4c18-931e-3bc870d9a8b6 (Le chemin d’accès spécifié est introuvable)
java.io.FileNotFoundException: C:\Users\inese\git\motcroise\.git\.probe-ddb73648-32a4-4c18-931e-3bc870d9a8b6 (Le chemin d’accès spécifié est introuvable)
	at java.base/java.io.FileInputStream.open0(Native Method)
	at java.base/java.io.FileInputStream.open(FileInputStream.java:213)
	at java.base/java.io.FileInputStream.<init>(FileInputStream.java:152)
	at org.eclipse.jgit.util.io.SilentFileInputStream.<init>(SilentFileInputStream.java:31)
	at org.eclipse.jgit.util.IO.readFully(IO.java:89)
	at org.eclipse.jgit.util.IO.readFully(IO.java:48)
	at org.eclipse.jgit.util.FS$FileStoreAttributes.read(FS.java:562)
	at org.eclipse.jgit.util.FS$FileStoreAttributes.measureMinimalRacyInterval(FS.java:513)
	at org.eclipse.jgit.util.FS$FileStoreAttributes.lambda$3(FS.java:450)
	at java.base/java.util.concurrent.CompletableFuture$AsyncSupply.run(CompletableFuture.java:1768)
	at java.base/java.util.concurrent.ThreadPoolExecutor.runWorker(ThreadPoolExecutor.java:1144)
	at java.base/java.util.concurrent.ThreadPoolExecutor$Worker.run(ThreadPoolExecutor.java:642)
	at java.base/java.lang.Thread.run(Thread.java:1583)
2024-09-10 14:23:18,677 [ModalContext] INFO  o.e.jgit.transport.TransportHttp - URI 'https://stl.algo-prog.info/21101885/motcroise': following HTTP redirect #0  https://stl.algo-prog.info/21101885/motcroise/ -> https://stl.algo-prog.info/21101885/motcroise.git/
2024-09-10 14:24:40,376 [Worker-5: Loading available Gradle versions] INFO  o.e.b.c.i.u.g.PublishedGradleVersions - Gradle version information cache is up-to-date. Trying to read.
2024-09-10 14:25:15,285 [ModalContext] INFO  o.e.jgit.transport.TransportHttp - URI 'https://stl.algo-prog.info/21101885/motcroise': following HTTP redirect #0  https://stl.algo-prog.info/21101885/motcroise/ -> https://stl.algo-prog.info/21101885/motcroise.git/
2024-09-10 14:26:33,469 [ModalContext] INFO  o.e.jgit.transport.TransportHttp - URI 'https://stl.algo-prog.info/21101885/motcroise': following HTTP redirect #0  https://stl.algo-prog.info/21101885/motcroise/ -> https://stl.algo-prog.info/21101885/motcroise.git/
2024-09-10 14:46:10,418 [Worker-38: Push to motcroise refs/heads/main - origin] INFO  o.e.jgit.transport.TransportHttp - URI 'https://stl.algo-prog.info/21101885/motcroise': following HTTP redirect #0  https://stl.algo-prog.info/21101885/motcroise/ -> https://stl.algo-prog.info/21101885/motcroise.git/
2024-09-10 15:11:28,738 [Worker-3: Loading available Gradle versions] INFO  o.e.b.c.i.u.g.PublishedGradleVersions - Gradle version information cache is up-to-date. Trying to read.
